TN:
SF:src/api-gateway/authenticator.ts
FN:13,(anonymous_1)
FN:20,(anonymous_2)
FN:44,(anonymous_3)
FN:56,(anonymous_4)
FN:80,(anonymous_5)
FN:95,(anonymous_6)
FN:100,(anonymous_7)
FN:101,(anonymous_8)
FN:104,(anonymous_9)
FN:105,(anonymous_10)
FN:108,(anonymous_11)
FN:125,(anonymous_12)
FN:127,(anonymous_13)
FN:131,(anonymous_14)
FN:156,(anonymous_15)
FN:160,(anonymous_16)
FN:176,(anonymous_17)
FNF:17
FNH:17
FNDA:35,(anonymous_1)
FNDA:26,(anonymous_2)
FNDA:8,(anonymous_3)
FNDA:7,(anonymous_4)
FNDA:3,(anonymous_5)
FNDA:2,(anonymous_6)
FNDA:6,(anonymous_7)
FNDA:8,(anonymous_8)
FNDA:4,(anonymous_9)
FNDA:6,(anonymous_10)
FNDA:4,(anonymous_11)
FNDA:8,(anonymous_12)
FNDA:8,(anonymous_13)
FNDA:5,(anonymous_14)
FNDA:2,(anonymous_15)
FNDA:25,(anonymous_16)
FNDA:23,(anonymous_17)
DA:1,2
DA:2,2
DA:3,2
DA:6,2
DA:7,2
DA:9,2
DA:10,35
DA:11,35
DA:14,35
DA:15,35
DA:17,35
DA:27,26
DA:28,25
DA:30,20
DA:31,20
DA:40,20
DA:41,20
DA:45,8
DA:47,8
DA:48,8
DA:50,6
DA:51,6
DA:53,4
DA:57,7
DA:59,7
DA:60,7
DA:67,5
DA:68,5
DA:70,2
DA:76,2
DA:81,3
DA:83,3
DA:84,3
DA:85,2
DA:86,2
DA:89,1
DA:90,1
DA:92,1
DA:96,2
DA:97,2
DA:101,8
DA:105,6
DA:111,4
DA:112,2
DA:115,2
DA:116,2
DA:118,2
DA:119,1
DA:122,1
DA:126,8
DA:127,8
DA:132,5
DA:143,5
DA:144,5
DA:149,5
DA:157,2
DA:165,25
DA:166,2
DA:168,23
DA:169,1
DA:171,22
DA:172,2
DA:177,23
LF:63
LH:63
BRDA:15,0,0,0
BRDA:48,1,0,2
BRDA:51,2,0,2
BRDA:68,3,0,3
BRDA:84,4,0,2
BRDA:84,5,0,3
BRDA:84,5,1,2
BRDA:90,6,0,0
BRDA:111,7,0,2
BRDA:111,8,0,4
BRDA:111,8,1,3
BRDA:118,9,0,1
BRDA:127,10,0,8
BRDA:127,10,1,3
BRDA:165,11,0,2
BRDA:165,12,0,25
BRDA:165,12,1,24
BRDA:168,13,0,1
BRDA:168,14,0,23
BRDA:168,14,1,23
BRDA:171,15,0,2
BRDA:171,16,0,22
BRDA:171,16,1,21
BRF:23
BRH:21
end_of_record
TN:
SF:src/api-gateway/circuit-breaker.ts
FN:15,(anonymous_0)
FN:24,(anonymous_1)
FN:43,(anonymous_2)
FN:46,(anonymous_3)
FN:47,(anonymous_4)
FN:52,(anonymous_5)
FN:56,(anonymous_6)
FN:63,(anonymous_7)
FN:72,(anonymous_8)
FN:76,(anonymous_9)
FNF:10
FNH:10
FNDA:22,(anonymous_0)
FNDA:51,(anonymous_1)
FNDA:49,(anonymous_2)
FNDA:49,(anonymous_3)
FNDA:3,(anonymous_4)
FNDA:7,(anonymous_5)
FNDA:29,(anonymous_6)
FNDA:20,(anonymous_7)
FNDA:28,(anonymous_8)
FNDA:2,(anonymous_9)
DA:9,2
DA:10,22
DA:11,22
DA:12,22
DA:16,22
DA:25,51
DA:26,7
DA:27,5
DA:29,2
DA:33,49
DA:34,49
DA:35,29
DA:36,29
DA:38,20
DA:39,20
DA:44,49
DA:47,49
DA:53,7
DA:57,29
DA:58,3
DA:59,3
DA:64,20
DA:65,20
DA:67,20
DA:68,11
DA:73,28
DA:77,2
DA:78,2
DA:79,2
LF:29
LH:29
BRDA:15,0,0,4
BRDA:25,1,0,7
BRDA:26,2,0,5
BRDA:26,2,1,2
BRDA:57,3,0,3
BRDA:67,4,0,11
BRDA:67,5,0,20
BRDA:67,5,1,18
BRF:8
BRH:8
end_of_record
TN:
SF:src/api-gateway/index.ts
FN:217,(anonymous_4)
FN:217,(anonymous_5)
FN:217,(anonymous_6)
FN:16,(anonymous_7)
FN:27,(anonymous_8)
FN:33,(anonymous_9)
FN:87,(anonymous_10)
FN:108,(anonymous_11)
FN:112,(anonymous_12)
FN:133,(anonymous_13)
FN:157,(anonymous_14)
FN:166,(anonymous_15)
FN:175,(anonymous_16)
FN:184,(anonymous_17)
FN:194,(anonymous_18)
FN:198,(anonymous_19)
FN:202,(anonymous_20)
FN:206,(anonymous_21)
FN:210,(anonymous_22)
FNF:19
FNH:16
FNDA:0,(anonymous_4)
FNDA:0,(anonymous_5)
FNDA:0,(anonymous_6)
FNDA:35,(anonymous_7)
FNDA:23,(anonymous_8)
FNDA:22,(anonymous_9)
FNDA:21,(anonymous_10)
FNDA:42,(anonymous_11)
FNDA:21,(anonymous_12)
FNDA:1,(anonymous_13)
FNDA:13,(anonymous_14)
FNDA:12,(anonymous_15)
FNDA:11,(anonymous_16)
FNDA:10,(anonymous_17)
FNDA:9,(anonymous_18)
FNDA:1,(anonymous_19)
FNDA:1,(anonymous_20)
FNDA:2,(anonymous_21)
FNDA:39,(anonymous_22)
DA:1,1
DA:2,1
DA:3,1
DA:4,1
DA:6,1
DA:7,1
DA:9,1
DA:10,35
DA:17,35
DA:18,35
DA:19,35
DA:20,35
DA:21,35
DA:28,23
DA:29,21
DA:30,21
DA:41,22
DA:43,21
DA:45,21
DA:46,21
DA:47,21
DA:48,4
DA:51,17
DA:52,1
DA:55,17
DA:56,6
DA:57,6
DA:58,2
DA:60,4
DA:62,4
DA:63,1
DA:66,3
DA:67,1
DA:71,13
DA:72,13
DA:73,13
DA:74,1
DA:80,12
DA:82,0
DA:83,0
DA:95,21
DA:109,42
DA:113,21
DA:114,21
DA:115,16
DA:118,5
DA:119,2
DA:120,2
DA:121,2
DA:122,2
DA:124,1
DA:125,1
DA:126,1
DA:130,4
DA:137,1
DA:138,1
DA:140,1
DA:141,0
DA:144,1
DA:146,1
DA:147,4
DA:148,1
DA:149,3
DA:150,0
DA:154,1
DA:158,13
DA:170,12
DA:171,0
DA:174,12
DA:175,12
DA:177,1
DA:178,1
DA:180,0
DA:185,10
DA:195,9
DA:199,1
DA:203,1
DA:207,2
DA:211,39
DA:212,39
DA:213,39
DA:217,1
DA:218,1
LF:83
LH:77
BRDA:47,0,0,4
BRDA:51,1,0,1
BRDA:55,2,0,6
BRDA:57,3,0,2
BRDA:58,4,0,2
BRDA:58,4,1,0
BRDA:62,5,0,1
BRDA:62,6,0,4
BRDA:62,6,1,2
BRDA:66,7,0,1
BRDA:66,8,0,3
BRDA:66,8,1,1
BRDA:73,9,0,1
BRDA:83,10,0,0
BRDA:83,10,1,0
BRDA:100,11,0,21
BRDA:100,11,1,20
BRDA:101,12,0,21
BRDA:101,12,1,21
BRDA:114,13,0,16
BRDA:122,14,0,1
BRDA:125,15,0,1
BRDA:140,16,0,0
BRDA:147,17,0,1
BRDA:147,17,1,3
BRDA:149,18,0,0
BRDA:159,19,0,13
BRDA:159,19,1,12
BRDA:159,19,2,12
BRDA:159,19,3,10
BRDA:170,20,0,0
BRDA:177,21,0,1
BRDA:177,22,0,1
BRDA:177,22,1,1
BRF:34
BRH:28
end_of_record
TN:
SF:src/api-gateway/rate-limiter.ts
FN:16,(anonymous_1)
FN:23,(anonymous_2)
FN:29,(anonymous_3)
FN:33,(anonymous_4)
FN:38,(anonymous_5)
FN:47,(anonymous_6)
FN:51,(anonymous_7)
FN:59,(anonymous_8)
FN:63,(anonymous_9)
FN:68,(anonymous_10)
FN:84,(anonymous_11)
FN:90,(anonymous_12)
FN:108,(anonymous_13)
FNF:13
FNH:8
FNDA:17,(anonymous_1)
FNDA:291,(anonymous_2)
FNDA:2,(anonymous_3)
FNDA:291,(anonymous_4)
FNDA:291,(anonymous_5)
FNDA:0,(anonymous_6)
FNDA:0,(anonymous_7)
FNDA:0,(anonymous_8)
FNDA:0,(anonymous_9)
FNDA:0,(anonymous_10)
FNDA:17,(anonymous_11)
FNDA:292,(anonymous_12)
FNDA:3,(anonymous_13)
DA:1,2
DA:2,2
DA:4,2
DA:17,17
DA:24,291
DA:25,291
DA:26,291
DA:30,2
DA:34,291
DA:35,291
DA:39,291
DA:40,291
DA:48,0
DA:52,0
DA:53,0
DA:54,0
DA:56,0
DA:60,0
DA:64,0
DA:65,0
DA:69,0
DA:70,0
DA:80,2
DA:85,17
DA:86,17
DA:87,17
DA:91,292
DA:93,291
DA:94,291
DA:95,291
DA:96,291
DA:98,291
DA:109,3
DA:110,2
DA:111,2
LF:35
LH:25
BRDA:24,0,0,291
BRDA:24,0,1,28
BRDA:34,1,0,291
BRDA:34,1,1,0
BRDA:40,2,0,291
BRDA:40,2,1,0
BRDA:53,3,0,0
BRDA:65,4,0,0
BRDA:65,4,1,0
BRDA:70,5,0,0
BRDA:70,5,1,0
BRDA:87,6,0,0
BRDA:87,6,1,17
BRF:13
BRH:5
end_of_record
TN:
SF:src/offline-cache/index.ts
FN:27,(anonymous_4)
FN:34,(anonymous_5)
FN:58,(anonymous_6)
FN:78,(anonymous_7)
FN:90,(anonymous_8)
FN:97,(anonymous_9)
FN:107,(anonymous_10)
FN:108,(anonymous_11)
FN:114,(anonymous_12)
FN:115,(anonymous_13)
FN:118,(anonymous_14)
FN:145,(anonymous_15)
FN:150,(anonymous_16)
FN:174,(anonymous_17)
FN:179,(anonymous_18)
FN:189,(anonymous_19)
FN:193,(anonymous_20)
FN:197,(anonymous_21)
FN:201,(anonymous_22)
FN:204,(anonymous_23)
FN:217,(anonymous_24)
FN:220,(anonymous_25)
FN:229,(anonymous_26)
FN:247,(anonymous_27)
FN:248,(anonymous_28)
FN:257,(anonymous_29)
FNF:26
FNH:25
FNDA:56,(anonymous_4)
FNDA:474,(anonymous_5)
FNDA:65,(anonymous_6)
FNDA:55,(anonymous_7)
FNDA:262,(anonymous_8)
FNDA:4,(anonymous_9)
FNDA:8,(anonymous_10)
FNDA:160,(anonymous_11)
FNDA:19,(anonymous_12)
FNDA:43,(anonymous_13)
FNDA:10,(anonymous_14)
FNDA:11,(anonymous_15)
FNDA:21,(anonymous_16)
FNDA:5,(anonymous_17)
FNDA:21,(anonymous_18)
FNDA:3,(anonymous_19)
FNDA:6,(anonymous_20)
FNDA:477,(anonymous_21)
FNDA:473,(anonymous_22)
FNDA:23,(anonymous_23)
FNDA:7,(anonymous_24)
FNDA:596,(anonymous_25)
FNDA:56,(anonymous_26)
FNDA:56,(anonymous_27)
FNDA:0,(anonymous_28)
FNDA:56,(anonymous_29)
DA:2,1
DA:3,1
DA:4,1
DA:6,1
DA:15,1
DA:16,56
DA:18,56
DA:19,56
DA:28,56
DA:29,56
DA:30,56
DA:31,56
DA:35,474
DA:36,473
DA:38,473
DA:47,473
DA:48,473
DA:50,473
DA:51,20
DA:54,473
DA:55,473
DA:59,65
DA:61,63
DA:62,63
DA:63,2
DA:64,2
DA:67,61
DA:68,1
DA:69,1
DA:70,1
DA:71,1
DA:74,60
DA:75,60
DA:79,55
DA:81,54
DA:82,54
DA:83,53
DA:84,53
DA:85,53
DA:87,54
DA:91,262
DA:93,261
DA:94,261
DA:98,4
DA:100,3
DA:101,3
DA:102,3
DA:103,3
DA:104,3
DA:108,8
DA:109,160
DA:110,160
DA:115,43
DA:119,10
DA:121,10
DA:122,1
DA:123,1
DA:126,9
DA:127,9
DA:128,9
DA:129,9
DA:131,9
DA:132,11
DA:133,11
DA:134,11
DA:135,11
DA:138,9
DA:139,9
DA:140,9
DA:142,9
DA:149,11
DA:151,21
DA:152,21
DA:153,16
DA:154,16
DA:155,16
DA:156,16
DA:158,0
DA:159,0
DA:162,5
DA:163,5
DA:164,5
DA:175,5
DA:176,5
DA:180,21
DA:182,21
DA:183,21
DA:184,21
DA:185,8
DA:190,3
DA:194,6
DA:198,477
DA:202,473
DA:204,23
DA:205,7
DA:206,7
DA:208,7
DA:209,7
DA:210,0
DA:212,7
DA:213,7
DA:216,7
DA:217,7
DA:221,596
DA:222,596
DA:223,596
DA:225,17
DA:230,56
DA:231,56
DA:232,55
DA:234,1
DA:235,1
DA:236,1
DA:240,1
DA:241,1
DA:243,1
DA:248,56
DA:249,0
DA:250,0
DA:254,56
DA:258,56
DA:259,56
DA:263,1
LF:123
LH:118
BRDA:27,0,0,0
BRDA:34,1,0,469
BRDA:42,2,0,473
BRDA:42,2,1,471
BRDA:43,3,0,473
BRDA:43,3,1,471
BRDA:50,4,0,20
BRDA:62,5,0,2
BRDA:67,6,0,1
BRDA:82,7,0,53
BRDA:94,8,0,261
BRDA:94,8,1,255
BRDA:110,9,0,160
BRDA:110,9,1,160
BRDA:121,10,0,1
BRDA:139,11,0,4
BRDA:139,11,1,5
BRDA:153,12,0,16
BRDA:153,12,1,0
BRDA:167,13,0,5
BRDA:167,13,1,0
BRDA:184,14,0,8
BRDA:202,15,0,466
BRDA:209,16,0,0
BRDA:232,17,0,54
BRDA:235,18,0,1
BRDA:249,19,0,0
BRDA:249,20,0,0
BRDA:249,20,1,0
BRF:29
BRH:22
end_of_record
